UVM_INFO ../../ivl_uvm_src/ivl_uvm_pkg.sv(48) @ 0.000 ns [IVL_GO2UVM] Using UVM_TESTNAME: ivl_uvm_default_test
UVM_INFO ../../ivl_uvm_src/ivl_uvm_comps.svh(104) @ 0.000 ns [IVL_GO2UVM] ivl_uvm_pkg.uvm_object.uvm_report_info
UVM_INFO ../../ivl_uvm_src/ivl_uvm_comps.svh(56) @ 0.000 ns [IVL_GO2UVM] build_phase
UVM_INFO ../../ivl_uvm_src/ivl_uvm_comps.svh(60) @ 0.000 ns [IVL_GO2UVM] connect_phase
UVM_INFO ../../ivl_uvm_src/ivl_uvm_comps.svh(64) @ 0.000 ns [IVL_GO2UVM] end_of_elaboration_phase
UVM_INFO ../../ivl_uvm_src/ivl_uvm_comps.svh(67) @ 0.000 ns [IVL_GO2UVM] start_of_simulation_phase
UVM_INFO ../../ivl_uvm_src/ivl_uvm_comps.svh(71) @ 0.000 ns [IVL_GO2UVM] run_phase
UVM_INFO ../../ivl_uvm_src/ivl_uvm_clp.svh(516) @ 1.000 ns [IVL_GO2UVM] CLP
UVM_INFO @ 1.000 ns [TIMOUTSET] '+UVM_TIMEOUT=1' Global Timeout: 1000000.000 ns
UVM_INFO ../../ivl_uvm_tests/ivl_uvm_test_0/ivl_uvm_test_msg.sv(34) @ 100.000 ns [IVL_UVM] UVM_MEDIUM: Hello World
UVM_INFO ../../ivl_uvm_tests/ivl_uvm_test_0/ivl_uvm_test_msg.sv(35) @ 100.000 ns [IVL_UVM] UVM_HIGH: Hello World
UVM_INFO ../../ivl_uvm_tests/ivl_uvm_test_0/ivl_uvm_test_msg.sv(36) @ 100.000 ns [IVL_UVM] UVM_FULL: Hello World
UVM_INFO ../../ivl_uvm_tests/ivl_uvm_test_0/ivl_uvm_test_msg.sv(37) @ 200.000 ns [IVL_UVM] NONE: Hello World
UVM_WARNING ../../ivl_uvm_tests/ivl_uvm_test_0/ivl_uvm_test_msg.sv(39) @ 300.000 ns [IVL_UVM] Sample Warning!
UVM_ERROR ../../ivl_uvm_tests/ivl_uvm_test_0/ivl_uvm_test_msg.sv(40) @ 400.000 ns [IVL_UVM] Sample Error!
UVM_ERROR ../../ivl_uvm_tests/ivl_uvm_test_0/ivl_uvm_test_msg.sv(41) @ 500.000 ns [IVL_UVM] Sample Error!
UVM_ERROR ../../ivl_uvm_tests/ivl_uvm_test_0/ivl_uvm_test_msg.sv(42) @ 600.000 ns [IVL_UVM] Sample Error!
UVM_FATAL ../../ivl_uvm_tests/ivl_uvm_test_0/ivl_uvm_test_msg.sv(43) @ 700.000 ns [IVL_UVM] Sample Fatal!

--- UVM Report Summary ---

** Report counts by severity
UVM_INFO : 20
UVM_WARNING : 1
UVM_ERROR : 3
UVM_FATAL : 1
[1;31m
Test FAILED with 3 error(s), look for UVM_ERROR in log file
[0m
UVM_INFO ../../ivl_uvm_src/ivl_uvm_msg.svh(82) @ 700.000 ns [IVL_GO2UVM] Thanks for using IVL_UVM Package
../../ivl_uvm_src/ivl_uvm_msg.svh:188: $finish(2) called at 70000 (10ps)
